android/app/build/outputs/mapping/release/mapping.txt
# compiler: R8
# compiler_version: 1.4.94
# min_api: 16
com.ionicframework.tetravivlosapp735584.MainActivity -> com.ionicframework.tetravivlosapp735584.MainActivity:
    com.facebook.react.ReactActivityDelegate createReactActivityDelegate() -> m
    java.lang.String getMainComponentName() -> n
com.ionicframework.tetravivlosapp735584.MainActivity$1 -> com.ionicframework.tetravivlosapp735584.a:
    com.ionicframework.tetravivlosapp735584.MainActivity this$0 -> f
    com.facebook.react.ReactRootView createRootView() -> a
com.ionicframework.tetravivlosapp735584.MainApplication -> com.ionicframework.tetravivlosapp735584.MainApplication:
    com.facebook.react.ReactNativeHost mReactNativeHost -> a
    com.facebook.react.ReactNativeHost getReactNativeHost() -> a
    void initializeFlipper(android.content.Context) -> a
com.ionicframework.tetravivlosapp735584.MainApplication$1 -> com.ionicframework.tetravivlosapp735584.b:
    com.ionicframework.tetravivlosapp735584.MainApplication this$0 -> c
    java.lang.String getJSMainModuleName() -> e
    java.util.List getPackages() -> g
    boolean getUseDeveloperSupport() -> k
...
androidx.versionedparcelable.ParcelImpl$1 -> androidx.versionedparcelable.a:
androidx.versionedparcelable.VersionedParcel -> androidx.versionedparcelable.b:
    androidx.collection.ArrayMap mParcelizerCache -> c
    androidx.collection.ArrayMap mReadCache -> a
    androidx.collection.ArrayMap mWriteCache -> b
    void closeField() -> a
    java.lang.Class findParcelClass(java.lang.Class) -> a
    boolean readBoolean(boolean,int) -> a
    byte[] readByteArray(byte[],int) -> a
    java.lang.CharSequence readCharSequence(java.lang.CharSequence,int) -> a
    boolean readField(int) -> a
    androidx.versionedparcelable.VersionedParcelable readFromParcel(java.lang.String,androidx.versionedparcelable.VersionedParcel) -> a
    int readInt(int,int) -> a
    android.os.Parcelable readParcelable(android.os.Parcelable,int) -> a
    java.lang.String readString(java.lang.String,int) -> a
    androidx.versionedparcelable.VersionedParcelable readVersionedParcelable(androidx.versionedparcelable.VersionedParcelable,int) -> a
    void setSerializationFlags(boolean,boolean) -> a
    void writeBoolean(boolean) -> a
    void writeByteArray(byte[]) -> a
    void writeCharSequence(java.lang.CharSequence) -> a
    void writeParcelable(android.os.Parcelable) -> a
    void writeString(java.lang.String) -> a
    void writeToParcel(androidx.versionedparcelable.VersionedParcelable,androidx.versionedparcelable.VersionedParcel) -> a
    void writeVersionedParcelable(androidx.versionedparcelable.VersionedParcelable) -> a
androidx.versionedparcelable.VersionedParcelParcel -> androidx.versionedparcelable.c:
    android.util.SparseIntArray mPositionLookup -> d
    java.lang.String mPrefix -> h
    int mNextRead -> j
    android.os.Parcel mParcel -> e
    int mFieldId -> k
    int mCurrentField -> i
    int mOffset -> f
    int mEnd -> g
    void closeField() -> a
    boolean readField(int) -> a
    void writeBoolean(boolean) -> a
    void writeByteArray(byte[]) -> a
    void writeCharSequence(java.lang.CharSequence) -> a
    void writeParcelable(android.os.Parcelable) -> a
    void writeString(java.lang.String) -> a
    androidx.versionedparcelable.VersionedParcel createSubParcel() -> b
    void setOutputField(int) -> b
    void writeInt(int) -> c
    boolean readBoolean() -> d
    byte[] readByteArray() -> e
    java.lang.CharSequence readCharSequence() -> f
    int readInt() -> g
    android.os.Parcelable readParcelable() -> h
    java.lang.String readString() -> i
androidx.versionedparcelable.VersionedParcelable -> androidx.versionedparcelable.d:
androidx.viewpager.widget.PagerAdapter -> b.p.a.a:
    android.database.DataSetObservable mObservable -> a
    android.database.DataSetObserver mViewPagerObserver -> b
    void destroyItem(android.view.ViewGroup,int,java.lang.Object) -> a
    void finishUpdate(android.view.View) -> a
    void finishUpdate(android.view.ViewGroup) -> a
    int getCount() -> a
    int getItemPosition(java.lang.Object) -> a
    float getPageWidth(int) -> a
    java.lang.Object instantiateItem(android.view.ViewGroup,int) -> a
    boolean isViewFromObject(android.view.View,java.lang.Object) -> a
    void restoreState(android.os.Parcelable,java.lang.ClassLoader) -> a
    void setPrimaryItem(android.view.View,int,java.lang.Object) -> a
    void setViewPagerObserver(android.database.DataSetObserver) -> a
    void notifyDataSetChanged() -> b
    void setPrimaryItem(android.view.ViewGroup,int,java.lang.Object) -> b
    void startUpdate(android.view.View) -> b
    void startUpdate(android.view.ViewGroup) -> b
    android.os.Parcelable saveState() -> c